# JRE version: OpenJDK Runtime Environment (8.0_242-b01) (build 1.8.0_242-release-1644-b01)
# Java VM: OpenJDK 64-Bit Server VM (25.242-b01 mixed mode windows-amd64 compressed oops)
Heap:
 PSYoungGen      total 347136K, used 321281K [0x00000000d5580000, 0x00000000ef380000, 0x0000000100000000)
  eden space 275456K, 100% used [0x00000000d5580000,0x00000000e6280000,0x00000000e6280000)
  from space 71680K, 63% used [0x00000000eac80000,0x00000000ed940440,0x00000000ef280000)
  to   space 74240K, 41% used [0x00000000e6280000,0x00000000e804d220,0x00000000eab00000)
 ParOldGen       total 204800K, used 100051K [0x0000000080000000, 0x000000008c800000, 0x00000000d5580000)
  object space 204800K, 48% used [0x0000000080000000,0x00000000861b4cc0,0x000000008c800000)
 Metaspace       used 99692K, capacity 104529K, committed 104728K, reserved 1140736K
  class space    used 12825K, capacity 13766K, committed 13864K, reserved 1048576K
GC Heap History (10 events):
Event: 78.173 GC heap after
Heap after GC invocations=22 (full 4):
 PSYoungGen      total 283648K, used 42700K [0x00000000d5580000, 0x00000000ea980000, 0x0000000100000000)
  eden space 235520K, 0% used [0x00000000d5580000,0x00000000d5580000,0x00000000e3b80000)
  from space 48128K, 88% used [0x00000000e7080000,0x00000000e9a33160,0x00000000e9f80000)
  to   space 54272K, 0% used [0x00000000e3b80000,0x00000000e3b80000,0x00000000e7080000)
 ParOldGen       total 204800K, used 98483K [0x0000000080000000, 0x000000008c800000, 0x00000000d5580000)
  object space 204800K, 48% used [0x0000000080000000,0x000000008602cc90,0x000000008c800000)
 Metaspace       used 93452K, capacity 97317K, committed 97432K, reserved 1134592K
  class space    used 12071K, capacity 12860K, committed 12968K, reserved 1048576K
}
Event: 82.225 GC heap before
{Heap before GC invocations=23 (full 4):
 PSYoungGen      total 283648K, used 278220K [0x00000000d5580000, 0x00000000ea980000, 0x0000000100000000)
  eden space 235520K, 100% used [0x00000000d5580000,0x00000000e3b80000,0x00000000e3b80000)
  from space 48128K, 88% used [0x00000000e7080000,0x00000000e9a33160,0x00000000e9f80000)
  to   space 54272K, 0% used [0x00000000e3b80000,0x00000000e3b80000,0x00000000e7080000)
 ParOldGen       total 204800K, used 98483K [0x0000000080000000, 0x000000008c800000, 0x00000000d5580000)
  object space 204800K, 48% used [0x0000000080000000,0x000000008602cc90,0x000000008c800000)
 Metaspace       used 93917K, capacity 97809K, committed 97944K, reserved 1134592K
  class space    used 12078K, capacity 12864K, committed 12968K, reserved 1048576K
Event: 82.452 GC heap after
Heap after GC invocations=23 (full 4):
 PSYoungGen      total 289792K, used 54080K [0x00000000d5580000, 0x00000000ed380000, 0x0000000100000000)
  eden space 235520K, 0% used [0x00000000d5580000,0x00000000d5580000,0x00000000e3b80000)
  from space 54272K, 99% used [0x00000000e3b80000,0x00000000e7050228,0x00000000e7080000)
  to   space 63488K, 0% used [0x00000000e9580000,0x00000000e9580000,0x00000000ed380000)
 ParOldGen       total 204800K, used 100027K [0x0000000080000000, 0x000000008c800000, 0x00000000d5580000)
  object space 204800K, 48% used [0x0000000080000000,0x00000000861aecc0,0x000000008c800000)
 Metaspace       used 93917K, capacity 97809K, committed 97944K, reserved 1134592K
  class space    used 12078K, capacity 12864K, committed 12968K, reserved 1048576K
}
Event: 121.197 GC heap before
{Heap before GC invocations=24 (full 4):
 PSYoungGen      total 289792K, used 289600K [0x00000000d5580000, 0x00000000ed380000, 0x0000000100000000)
  eden space 235520K, 100% used [0x00000000d5580000,0x00000000e3b80000,0x00000000e3b80000)
  from space 54272K, 99% used [0x00000000e3b80000,0x00000000e7050228,0x00000000e7080000)
  to   space 63488K, 0% used [0x00000000e9580000,0x00000000e9580000,0x00000000ed380000)
 ParOldGen       total 204800K, used 100027K [0x0000000080000000, 0x000000008c800000, 0x00000000d5580000)
  object space 204800K, 48% used [0x0000000080000000,0x00000000861aecc0,0x000000008c800000)
 Metaspace       used 98231K, capacity 102565K, committed 102680K, reserved 1138688K
  class space    used 12711K, capacity 13576K, committed 13608K, reserved 1048576K
Event: 121.307 GC heap after
Heap after GC invocations=24 (full 4):
 PSYoungGen      total 321536K, used 50978K [0x00000000d5580000, 0x00000000edb00000, 0x0000000100000000)
  eden space 258048K, 0% used [0x00000000d5580000,0x00000000d5580000,0x00000000e5180000)
  from space 63488K, 80% used [0x00000000e9580000,0x00000000ec748930,0x00000000ed380000)
  to   space 69632K, 0% used [0x00000000e5180000,0x00000000e5180000,0x00000000e9580000)
 ParOldGen       total 204800K, used 100035K [0x0000000080000000, 0x000000008c800000, 0x00000000d5580000)
  object space 204800K, 48% used [0x0000000080000000,0x00000000861b0cc0,0x000000008c800000)
 Metaspace       used 98231K, capacity 102565K, committed 102680K, reserved 1138688K
  class space    used 12711K, capacity 13576K, committed 13608K, reserved 1048576K
}
Event: 296.770 GC heap before
{Heap before GC invocations=25 (full 4):
 PSYoungGen      total 321536K, used 309026K [0x00000000d5580000, 0x00000000edb00000, 0x0000000100000000)
  eden space 258048K, 100% used [0x00000000d5580000,0x00000000e5180000,0x00000000e5180000)
  from space 63488K, 80% used [0x00000000e9580000,0x00000000ec748930,0x00000000ed380000)
  to   space 69632K, 0% used [0x00000000e5180000,0x00000000e5180000,0x00000000e9580000)
 ParOldGen       total 204800K, used 100035K [0x0000000080000000, 0x000000008c800000, 0x00000000d5580000)
  object space 204800K, 48% used [0x0000000080000000,0x00000000861b0cc0,0x000000008c800000)
 Metaspace       used 98854K, capacity 103465K, committed 103576K, reserved 1138688K
  class space    used 12759K, capacity 13642K, committed 13736K, reserved 1048576K
Event: 296.911 GC heap after
Heap after GC invocations=25 (full 4):
 PSYoungGen      total 327680K, used 43263K [0x00000000d5580000, 0x00000000ef280000, 0x0000000100000000)
  eden space 258048K, 0% used [0x00000000d5580000,0x00000000d5580000,0x00000000e5180000)
  from space 69632K, 62% used [0x00000000e5180000,0x00000000e7bbfe00,0x00000000e9580000)
  to   space 71680K, 0% used [0x00000000eac80000,0x00000000eac80000,0x00000000ef280000)
 ParOldGen       total 204800K, used 100043K [0x0000000080000000, 0x000000008c800000, 0x00000000d5580000)
  object space 204800K, 48% used [0x0000000080000000,0x00000000861b2cc0,0x000000008c800000)
 Metaspace       used 98854K, capacity 103465K, committed 103576K, reserved 1138688K
  class space    used 12759K, capacity 13642K, committed 13736K, reserved 1048576K
}
Event: 680.002 GC heap before
{Heap before GC invocations=26 (full 4):
 PSYoungGen      total 327680K, used 301305K [0x00000000d5580000, 0x00000000ef280000, 0x0000000100000000)
  eden space 258048K, 99% used [0x00000000d5580000,0x00000000e517e610,0x00000000e5180000)
  from space 69632K, 62% used [0x00000000e5180000,0x00000000e7bbfe00,0x00000000e9580000)
  to   space 71680K, 0% used [0x00000000eac80000,0x00000000eac80000,0x00000000ef280000)
 ParOldGen       total 204800K, used 100043K [0x0000000080000000, 0x000000008c800000, 0x00000000d5580000)
  object space 204800K, 48% used [0x0000000080000000,0x00000000861b2cc0,0x000000008c800000)
 Metaspace       used 99370K, capacity 104147K, committed 104344K, reserved 1140736K
  class space    used 12802K, capacity 13725K, committed 13736K, reserved 1048576K
Event: 680.551 GC heap after
Heap after GC invocations=26 (full 4):
 PSYoungGen      total 347136K, used 45825K [0x00000000d5580000, 0x00000000ef380000, 0x0000000100000000)
  eden space 275456K, 0% used [0x00000000d5580000,0x00000000d5580000,0x00000000e6280000)
  from space 71680K, 63% used [0x00000000eac80000,0x00000000ed940440,0x00000000ef280000)
  to   space 74240K, 0% used [0x00000000e6280000,0x00000000e6280000,0x00000000eab00000)
 ParOldGen       total 204800K, used 100051K [0x0000000080000000, 0x000000008c800000, 0x00000000d5580000)
  object space 204800K, 48% used [0x0000000080000000,0x00000000861b4cc0,0x000000008c800000)
 Metaspace       used 99370K, capacity 104147K, committed 104344K, reserved 1140736K
  class space    used 12802K, capacity 13725K, committed 13736K, reserved 1048576K
}
Event: 861.321 GC heap before
{Heap before GC invocations=27 (full 4):
 PSYoungGen      total 347136K, used 321281K [0x00000000d5580000, 0x00000000ef380000, 0x0000000100000000)
  eden space 275456K, 100% used [0x00000000d5580000,0x00000000e6280000,0x00000000e6280000)
  from space 71680K, 63% used [0x00000000eac80000,0x00000000ed940440,0x00000000ef280000)
  to   space 74240K, 0% used [0x00000000e6280000,0x00000000e6280000,0x00000000eab00000)
 ParOldGen       total 204800K, used 100051K [0x0000000080000000, 0x000000008c800000, 0x00000000d5580000)
  object space 204800K, 48% used [0x0000000080000000,0x00000000861b4cc0,0x000000008c800000)
 Metaspace       used 99692K, capacity 104529K, committed 104728K, reserved 1140736K
  class space    used 12825K, capacity 13766K, committed 13864K, reserved 1048576K

