# JRE version: OpenJDK Runtime Environment (8.0_242-b01) (build 1.8.0_242-release-1644-b01)
# Java VM: OpenJDK 64-Bit Server VM (25.242-b01 mixed mode windows-amd64 compressed oops)
Heap:
 PSYoungGen      total 301568K, used 299999K [0x00000000d5580000, 0x00000000ea200000, 0x0000000100000000)
  eden space 272896K, 100% used [0x00000000d5580000,0x00000000e6000000,0x00000000e6000000)
  from space 28672K, 94% used [0x00000000e8600000,0x00000000ea077f50,0x00000000ea200000)
  to   space 33792K, 60% used [0x00000000e6000000,0x00000000e73e00b0,0x00000000e8100000)
 ParOldGen       total 1227264K, used 1189304K [0x0000000080000000, 0x00000000cae80000, 0x00000000d5580000)
  object space 1227264K, 96% used [0x0000000080000000,0x00000000c896e2b8,0x00000000cae80000)
 Metaspace       used 89127K, capacity 93676K, committed 93848K, reserved 1130496K
  class space    used 11797K, capacity 12669K, committed 12720K, reserved 1048576K
GC Heap History (10 events):
Event: 19.279 GC heap after
Heap after GC invocations=15 (full 3):
 PSYoungGen      total 218624K, used 0K [0x00000000d5580000, 0x00000000e4000000, 0x0000000100000000)
  eden space 201216K, 0% used [0x00000000d5580000,0x00000000d5580000,0x00000000e1a00000)
  from space 17408K, 0% used [0x00000000e2b80000,0x00000000e2b80000,0x00000000e3c80000)
  to   space 17920K, 0% used [0x00000000e1a00000,0x00000000e1a00000,0x00000000e2b80000)
 ParOldGen       total 90624K, used 33624K [0x0000000080000000, 0x0000000085880000, 0x00000000d5580000)
  object space 90624K, 37% used [0x0000000080000000,0x00000000820d63f8,0x0000000085880000)
 Metaspace       used 57035K, capacity 58970K, committed 59160K, reserved 1099776K
  class space    used 7809K, capacity 8236K, committed 8240K, reserved 1048576K
}
Event: 25.687 GC heap before
{Heap before GC invocations=16 (full 3):
 PSYoungGen      total 218624K, used 201216K [0x00000000d5580000, 0x00000000e4000000, 0x0000000100000000)
  eden space 201216K, 100% used [0x00000000d5580000,0x00000000e1a00000,0x00000000e1a00000)
  from space 17408K, 0% used [0x00000000e2b80000,0x00000000e2b80000,0x00000000e3c80000)
  to   space 17920K, 0% used [0x00000000e1a00000,0x00000000e1a00000,0x00000000e2b80000)
 ParOldGen       total 90624K, used 33624K [0x0000000080000000, 0x0000000085880000, 0x00000000d5580000)
  object space 90624K, 37% used [0x0000000080000000,0x00000000820d63f8,0x0000000085880000)
 Metaspace       used 61570K, capacity 64292K, committed 64536K, reserved 1105920K
  class space    used 8444K, capacity 8997K, committed 9008K, reserved 1048576K
Event: 25.729 GC heap after
Heap after GC invocations=16 (full 3):
 PSYoungGen      total 219136K, used 16818K [0x00000000d5580000, 0x00000000e6880000, 0x0000000100000000)
  eden space 201216K, 0% used [0x00000000d5580000,0x00000000d5580000,0x00000000e1a00000)
  from space 17920K, 93% used [0x00000000e1a00000,0x00000000e2a6ca98,0x00000000e2b80000)
  to   space 20480K, 0% used [0x00000000e5480000,0x00000000e5480000,0x00000000e6880000)
 ParOldGen       total 90624K, used 33632K [0x0000000080000000, 0x0000000085880000, 0x00000000d5580000)
  object space 90624K, 37% used [0x0000000080000000,0x00000000820d83f8,0x0000000085880000)
 Metaspace       used 61570K, capacity 64292K, committed 64536K, reserved 1105920K
  class space    used 8444K, capacity 8997K, committed 9008K, reserved 1048576K
}
Event: 35.129 GC heap before
{Heap before GC invocations=17 (full 3):
 PSYoungGen      total 219136K, used 218034K [0x00000000d5580000, 0x00000000e6880000, 0x0000000100000000)
  eden space 201216K, 100% used [0x00000000d5580000,0x00000000e1a00000,0x00000000e1a00000)
  from space 17920K, 93% used [0x00000000e1a00000,0x00000000e2a6ca98,0x00000000e2b80000)
  to   space 20480K, 0% used [0x00000000e5480000,0x00000000e5480000,0x00000000e6880000)
 ParOldGen       total 90624K, used 33632K [0x0000000080000000, 0x0000000085880000, 0x00000000d5580000)
  object space 90624K, 37% used [0x0000000080000000,0x00000000820d83f8,0x0000000085880000)
 Metaspace       used 69800K, capacity 72904K, committed 73112K, reserved 1112064K
  class space    used 9398K, capacity 10053K, committed 10160K, reserved 1048576K
Event: 35.228 GC heap after
Heap after GC invocations=17 (full 3):
 PSYoungGen      total 255488K, used 20460K [0x00000000d5580000, 0x00000000e7200000, 0x0000000100000000)
  eden space 235008K, 0% used [0x00000000d5580000,0x00000000d5580000,0x00000000e3b00000)
  from space 20480K, 99% used [0x00000000e5480000,0x00000000e687b090,0x00000000e6880000)
  to   space 26112K, 0% used [0x00000000e3b00000,0x00000000e3b00000,0x00000000e5480000)
 ParOldGen       total 90624K, used 40977K [0x0000000080000000, 0x0000000085880000, 0x00000000d5580000)
  object space 90624K, 45% used [0x0000000080000000,0x0000000082804458,0x0000000085880000)
 Metaspace       used 69800K, capacity 72904K, committed 73112K, reserved 1112064K
  class space    used 9398K, capacity 10053K, committed 10160K, reserved 1048576K
}
Event: 41.249 GC heap before
{Heap before GC invocations=18 (full 3):
 PSYoungGen      total 255488K, used 255468K [0x00000000d5580000, 0x00000000e7200000, 0x0000000100000000)
  eden space 235008K, 100% used [0x00000000d5580000,0x00000000e3b00000,0x00000000e3b00000)
  from space 20480K, 99% used [0x00000000e5480000,0x00000000e687b090,0x00000000e6880000)
  to   space 26112K, 0% used [0x00000000e3b00000,0x00000000e3b00000,0x00000000e5480000)
 ParOldGen       total 90624K, used 40977K [0x0000000080000000, 0x0000000085880000, 0x00000000d5580000)
  object space 90624K, 45% used [0x0000000080000000,0x0000000082804458,0x0000000085880000)
 Metaspace       used 85423K, capacity 89742K, committed 89880K, reserved 1126400K
  class space    used 11624K, capacity 12470K, committed 12592K, reserved 1048576K
Event: 41.344 GC heap after
Heap after GC invocations=18 (full 3):
 PSYoungGen      total 261120K, used 24858K [0x00000000d5580000, 0x00000000ea380000, 0x0000000100000000)
  eden space 235008K, 0% used [0x00000000d5580000,0x00000000d5580000,0x00000000e3b00000)
  from space 26112K, 95% used [0x00000000e3b00000,0x00000000e5346898,0x00000000e5480000)
  to   space 30208K, 0% used [0x00000000e8600000,0x00000000e8600000,0x00000000ea380000)
 ParOldGen       total 90624K, used 53027K [0x0000000080000000, 0x0000000085880000, 0x00000000d5580000)
  object space 90624K, 58% used [0x0000000080000000,0x00000000833c8e00,0x0000000085880000)
 Metaspace       used 85423K, capacity 89742K, committed 89880K, reserved 1126400K
  class space    used 11624K, capacity 12470K, committed 12592K, reserved 1048576K
}
Event: 701.387 GC heap before
{Heap before GC invocations=19 (full 3):
 PSYoungGen      total 261120K, used 259866K [0x00000000d5580000, 0x00000000ea380000, 0x0000000100000000)
  eden space 235008K, 100% used [0x00000000d5580000,0x00000000e3b00000,0x00000000e3b00000)
  from space 26112K, 95% used [0x00000000e3b00000,0x00000000e5346898,0x00000000e5480000)
  to   space 30208K, 0% used [0x00000000e8600000,0x00000000e8600000,0x00000000ea380000)
 ParOldGen       total 90624K, used 53027K [0x0000000080000000, 0x0000000085880000, 0x00000000d5580000)
  object space 90624K, 58% used [0x0000000080000000,0x00000000833c8e00,0x0000000085880000)
 Metaspace       used 88362K, capacity 92880K, committed 93080K, reserved 1130496K
  class space    used 11762K, capacity 12615K, committed 12720K, reserved 1048576K
Event: 701.497 GC heap after
Heap after GC invocations=19 (full 3):
 PSYoungGen      total 301568K, used 27103K [0x00000000d5580000, 0x00000000ea200000, 0x0000000100000000)
  eden space 272896K, 0% used [0x00000000d5580000,0x00000000d5580000,0x00000000e6000000)
  from space 28672K, 94% used [0x00000000e8600000,0x00000000ea077f50,0x00000000ea200000)
  to   space 33792K, 0% used [0x00000000e6000000,0x00000000e6000000,0x00000000e8100000)
 ParOldGen       total 90624K, used 53035K [0x0000000080000000, 0x0000000085880000, 0x00000000d5580000)
  object space 90624K, 58% used [0x0000000080000000,0x00000000833cae00,0x0000000085880000)
 Metaspace       used 88362K, capacity 92880K, committed 93080K, reserved 1130496K
  class space    used 11762K, capacity 12615K, committed 12720K, reserved 1048576K
}
Event: 1092.761 GC heap before
{Heap before GC invocations=20 (full 3):
 PSYoungGen      total 301568K, used 299999K [0x00000000d5580000, 0x00000000ea200000, 0x0000000100000000)
  eden space 272896K, 100% used [0x00000000d5580000,0x00000000e6000000,0x00000000e6000000)
  from space 28672K, 94% used [0x00000000e8600000,0x00000000ea077f50,0x00000000ea200000)
  to   space 33792K, 0% used [0x00000000e6000000,0x00000000e6000000,0x00000000e8100000)
 ParOldGen       total 90624K, used 53035K [0x0000000080000000, 0x0000000085880000, 0x00000000d5580000)
  object space 90624K, 58% used [0x0000000080000000,0x00000000833cae00,0x0000000085880000)
 Metaspace       used 89127K, capacity 93676K, committed 93848K, reserved 1130496K
  class space    used 11797K, capacity 12669K, committed 12720K, reserved 1048576K

