# JRE version: OpenJDK Runtime Environment (8.0_242-b01) (build 1.8.0_242-release-1644-b01)
# Java VM: OpenJDK 64-Bit Server VM (25.242-b01 mixed mode windows-amd64 compressed oops)
Heap:
 PSYoungGen      total 271872K, used 264461K [0x00000000d5580000, 0x00000000ea480000, 0x0000000100000000)
  eden space 237568K, 100% used [0x00000000d5580000,0x00000000e3d80000,0x00000000e3d80000)
  from space 34304K, 78% used [0x00000000e3d80000,0x00000000e57c34d0,0x00000000e5f00000)
  to   space 36864K, 40% used [0x00000000e8080000,0x00000000e8f2e140,0x00000000ea480000)
 ParOldGen       total 159232K, used 67984K [0x0000000080000000, 0x0000000089b80000, 0x00000000d5580000)
  object space 159232K, 42% used [0x0000000080000000,0x0000000084264230,0x0000000089b80000)
 Metaspace       used 104262K, capacity 109524K, committed 109872K, reserved 1144832K
  class space    used 13493K, capacity 14540K, committed 14640K, reserved 1048576K
GC Heap History (10 events):
Event: 599.032 GC heap after
Heap after GC invocations=19 (full 3):
 PSYoungGen      total 250880K, used 27436K [0x00000000d5580000, 0x00000000e7100000, 0x0000000100000000)
  eden space 221696K, 0% used [0x00000000d5580000,0x00000000d5580000,0x00000000e2e00000)
  from space 29184K, 94% used [0x00000000e4e80000,0x00000000e694b160,0x00000000e6b00000)
  to   space 33280K, 0% used [0x00000000e2e00000,0x00000000e2e00000,0x00000000e4e80000)
 ParOldGen       total 99840K, used 58779K [0x0000000080000000, 0x0000000086180000, 0x00000000d5580000)
  object space 99840K, 58% used [0x0000000080000000,0x0000000083966e98,0x0000000086180000)
 Metaspace       used 90384K, capacity 94214K, committed 94384K, reserved 1130496K
  class space    used 11817K, capacity 12659K, committed 12720K, reserved 1048576K
}
Event: 603.281 GC heap before
{Heap before GC invocations=20 (full 3):
 PSYoungGen      total 250880K, used 125917K [0x00000000d5580000, 0x00000000e7100000, 0x0000000100000000)
  eden space 221696K, 44% used [0x00000000d5580000,0x00000000db5ac5d0,0x00000000e2e00000)
  from space 29184K, 94% used [0x00000000e4e80000,0x00000000e694b160,0x00000000e6b00000)
  to   space 33280K, 0% used [0x00000000e2e00000,0x00000000e2e00000,0x00000000e4e80000)
 ParOldGen       total 99840K, used 58779K [0x0000000080000000, 0x0000000086180000, 0x00000000d5580000)
  object space 99840K, 58% used [0x0000000080000000,0x0000000083966e98,0x0000000086180000)
 Metaspace       used 94367K, capacity 98542K, committed 98600K, reserved 1134592K
  class space    used 12304K, capacity 13175K, committed 13232K, reserved 1048576K
Event: 603.328 GC heap after
Heap after GC invocations=20 (full 3):
 PSYoungGen      total 254976K, used 27220K [0x00000000d5580000, 0x00000000e8400000, 0x0000000100000000)
  eden space 221696K, 0% used [0x00000000d5580000,0x00000000d5580000,0x00000000e2e00000)
  from space 33280K, 81% used [0x00000000e2e00000,0x00000000e48951e8,0x00000000e4e80000)
  to   space 36352K, 0% used [0x00000000e6080000,0x00000000e6080000,0x00000000e8400000)
 ParOldGen       total 99840K, used 58795K [0x0000000080000000, 0x0000000086180000, 0x00000000d5580000)
  object space 99840K, 58% used [0x0000000080000000,0x000000008396ae98,0x0000000086180000)
 Metaspace       used 94367K, capacity 98542K, committed 98600K, reserved 1134592K
  class space    used 12304K, capacity 13175K, committed 13232K, reserved 1048576K
}
Event: 603.329 GC heap before
{Heap before GC invocations=21 (full 4):
 PSYoungGen      total 254976K, used 27220K [0x00000000d5580000, 0x00000000e8400000, 0x0000000100000000)
  eden space 221696K, 0% used [0x00000000d5580000,0x00000000d5580000,0x00000000e2e00000)
  from space 33280K, 81% used [0x00000000e2e00000,0x00000000e48951e8,0x00000000e4e80000)
  to   space 36352K, 0% used [0x00000000e6080000,0x00000000e6080000,0x00000000e8400000)
 ParOldGen       total 99840K, used 58795K [0x0000000080000000, 0x0000000086180000, 0x00000000d5580000)
  object space 99840K, 58% used [0x0000000080000000,0x000000008396ae98,0x0000000086180000)
 Metaspace       used 94367K, capacity 98542K, committed 98600K, reserved 1134592K
  class space    used 12304K, capacity 13175K, committed 13232K, reserved 1048576K
Event: 603.790 GC heap after
Heap after GC invocations=21 (full 4):
 PSYoungGen      total 254976K, used 0K [0x00000000d5580000, 0x00000000e8400000, 0x0000000100000000)
  eden space 221696K, 0% used [0x00000000d5580000,0x00000000d5580000,0x00000000e2e00000)
  from space 33280K, 0% used [0x00000000e2e00000,0x00000000e2e00000,0x00000000e4e80000)
  to   space 36352K, 0% used [0x00000000e6080000,0x00000000e6080000,0x00000000e8400000)
 ParOldGen       total 159232K, used 67960K [0x0000000080000000, 0x0000000089b80000, 0x00000000d5580000)
  object space 159232K, 42% used [0x0000000080000000,0x000000008425e230,0x0000000089b80000)
 Metaspace       used 94151K, capacity 97924K, committed 98600K, reserved 1134592K
  class space    used 12233K, capacity 13050K, committed 13232K, reserved 1048576K
}
Event: 2708.015 GC heap before
{Heap before GC invocations=22 (full 4):
 PSYoungGen      total 254976K, used 221696K [0x00000000d5580000, 0x00000000e8400000, 0x0000000100000000)
  eden space 221696K, 100% used [0x00000000d5580000,0x00000000e2e00000,0x00000000e2e00000)
  from space 33280K, 0% used [0x00000000e2e00000,0x00000000e2e00000,0x00000000e4e80000)
  to   space 36352K, 0% used [0x00000000e6080000,0x00000000e6080000,0x00000000e8400000)
 ParOldGen       total 159232K, used 67960K [0x0000000080000000, 0x0000000089b80000, 0x00000000d5580000)
  object space 159232K, 42% used [0x0000000080000000,0x000000008425e230,0x0000000089b80000)
 Metaspace       used 102855K, capacity 107746K, committed 107952K, reserved 1142784K
  class space    used 13423K, capacity 14413K, committed 14512K, reserved 1048576K
Event: 2711.030 GC heap after
Heap after GC invocations=22 (full 4):
 PSYoungGen      total 270336K, used 14822K [0x00000000d5580000, 0x00000000e8080000, 0x0000000100000000)
  eden space 237568K, 0% used [0x00000000d5580000,0x00000000d5580000,0x00000000e3d80000)
  from space 32768K, 45% used [0x00000000e6080000,0x00000000e6ef9960,0x00000000e8080000)
  to   space 34304K, 0% used [0x00000000e3d80000,0x00000000e3d80000,0x00000000e5f00000)
 ParOldGen       total 159232K, used 67968K [0x0000000080000000, 0x0000000089b80000, 0x00000000d5580000)
  object space 159232K, 42% used [0x0000000080000000,0x0000000084260230,0x0000000089b80000)
 Metaspace       used 102855K, capacity 107746K, committed 107952K, reserved 1142784K
  class space    used 13423K, capacity 14413K, committed 14512K, reserved 1048576K
}
Event: 2727.976 GC heap before
{Heap before GC invocations=23 (full 4):
 PSYoungGen      total 270336K, used 252390K [0x00000000d5580000, 0x00000000e8080000, 0x0000000100000000)
  eden space 237568K, 100% used [0x00000000d5580000,0x00000000e3d80000,0x00000000e3d80000)
  from space 32768K, 45% used [0x00000000e6080000,0x00000000e6ef9960,0x00000000e8080000)
  to   space 34304K, 0% used [0x00000000e3d80000,0x00000000e3d80000,0x00000000e5f00000)
 ParOldGen       total 159232K, used 67968K [0x0000000080000000, 0x0000000089b80000, 0x00000000d5580000)
  object space 159232K, 42% used [0x0000000080000000,0x0000000084260230,0x0000000089b80000)
 Metaspace       used 103296K, capacity 108206K, committed 108464K, reserved 1142784K
  class space    used 13430K, capacity 14425K, committed 14512K, reserved 1048576K
Event: 2728.801 GC heap after
Heap after GC invocations=23 (full 4):
 PSYoungGen      total 271872K, used 26893K [0x00000000d5580000, 0x00000000ea480000, 0x0000000100000000)
  eden space 237568K, 0% used [0x00000000d5580000,0x00000000d5580000,0x00000000e3d80000)
  from space 34304K, 78% used [0x00000000e3d80000,0x00000000e57c34d0,0x00000000e5f00000)
  to   space 36864K, 0% used [0x00000000e8080000,0x00000000e8080000,0x00000000ea480000)
 ParOldGen       total 159232K, used 67976K [0x0000000080000000, 0x0000000089b80000, 0x00000000d5580000)
  object space 159232K, 42% used [0x0000000080000000,0x0000000084262230,0x0000000089b80000)
 Metaspace       used 103296K, capacity 108206K, committed 108464K, reserved 1142784K
  class space    used 13430K, capacity 14425K, committed 14512K, reserved 1048576K
}
Event: 2764.713 GC heap before
{Heap before GC invocations=24 (full 4):
 PSYoungGen      total 271872K, used 264461K [0x00000000d5580000, 0x00000000ea480000, 0x0000000100000000)
  eden space 237568K, 100% used [0x00000000d5580000,0x00000000e3d80000,0x00000000e3d80000)
  from space 34304K, 78% used [0x00000000e3d80000,0x00000000e57c34d0,0x00000000e5f00000)
  to   space 36864K, 0% used [0x00000000e8080000,0x00000000e8080000,0x00000000ea480000)
 ParOldGen       total 159232K, used 67976K [0x0000000080000000, 0x0000000089b80000, 0x00000000d5580000)
  object space 159232K, 42% used [0x0000000080000000,0x0000000084262230,0x0000000089b80000)
 Metaspace       used 104262K, capacity 109524K, committed 109872K, reserved 1144832K
  class space    used 13493K, capacity 14540K, committed 14640K, reserved 1048576K

